<?xml version="1.0" encoding="UTF-8"?>
<!-- Generated by org.testng.reporters.JUnitReportReporter -->
<testsuite skipped="0" hostname="Johnny-PC" name="testSuites.TestSuites" tests="1" failures="0" timestamp="04 Oct 2018 08:51:56 GMT" time="53.597" errors="0">
  <testcase name="runUserChoice" time="53.597" classname="testSuites.TestSuites"/>
</testsuite> <!-- testSuites.TestSuites -->
