<?xml version="1.0" encoding="UTF-8"?>
<!-- Generated by org.testng.reporters.JUnitReportReporter -->
<testsuite skipped="0" hostname="Johnny-PC" name="testSuites.TestSuites" tests="1" failures="0" timestamp="12 Nov 2018 16:32:02 GMT" time="0.016" errors="0">
  <testcase name="test" time="0.016" classname="testSuites.TestSuites"/>
</testsuite> <!-- testSuites.TestSuites -->
