<?xml version="1.0" encoding="UTF-8"?>
<!-- Generated by org.testng.reporters.JUnitReportReporter -->
<testsuite skipped="0" hostname="Johnny-PC" name="testSuites.TestSuites" tests="1" failures="0" timestamp="12 Nov 2018 06:50:20 GMT" time="23.324" errors="0">
  <testcase name="runUserChoice" time="23.324" classname="testSuites.TestSuites"/>
</testsuite> <!-- testSuites.TestSuites -->
