<?xml version="1.0" encoding="UTF-8"?>
<!-- Generated by org.testng.reporters.JUnitReportReporter -->
<testsuite skipped="0" hostname="Johnny-PC" name="testSuites.TestSuites" tests="2" failures="0" timestamp="17 Dec 2018 10:13:58 GMT" time="41.304" errors="0">
  <testcase name="ts_LoginToClient" time="11.497" classname="testSuites.TestSuites"/>
  <testcase name="ts_LoginToClient" time="29.807" classname="testSuites.TestSuites"/>
</testsuite> <!-- testSuites.TestSuites -->
