<?xml version="1.0" encoding="UTF-8"?>
<!-- Generated by org.testng.reporters.JUnitReportReporter -->
<testsuite skipped="0" hostname="Johnny-PC" name="testSuites.TestSuites" tests="1" failures="0" timestamp="09 Nov 2018 10:14:26 GMT" time="80.929" errors="0">
  <testcase name="runUserChoice" time="80.929" classname="testSuites.TestSuites"/>
</testsuite> <!-- testSuites.TestSuites -->
