<?xml version="1.0" encoding="UTF-8"?>
<!-- Generated by org.testng.reporters.JUnitReportReporter -->
<testsuite skipped="0" hostname="Johnny-PC" name="testSuites.TestSuites" tests="1" failures="0" timestamp="15 Nov 2018 09:01:57 GMT" time="340.846" errors="0">
  <testcase name="studentDataDrivenTestSuite" time="340.846" classname="testSuites.TestSuites"/>
</testsuite> <!-- testSuites.TestSuites -->
