<?xml version="1.0" encoding="UTF-8"?>
<!-- Generated by org.testng.reporters.JUnitReportReporter -->
<testsuite skipped="0" hostname="Johnny-PC" name="testSuites.TestSuites" tests="1" failures="0" timestamp="28 Nov 2018 14:34:02 GMT" time="22.697" errors="0">
  <testcase name="ts_UsersLogData" time="22.697" classname="testSuites.TestSuites"/>
</testsuite> <!-- testSuites.TestSuites -->
