<?xml version="1.0" encoding="UTF-8"?>
<!-- Generated by org.testng.reporters.JUnitReportReporter -->
<testsuite skipped="0" hostname="Johnny-PC" name="bootstrap.PopUpHandling" tests="1" failures="0" timestamp="30 Nov 2018 09:56:21 GMT" time="1.886" errors="0">
  <testcase name="defualtTest" time="1.886" classname="bootstrap.PopUpHandling"/>
</testsuite> <!-- bootstrap.PopUpHandling -->
