<?xml version="1.0" encoding="UTF-8"?>
<!-- Generated by org.testng.reporters.JUnitReportReporter -->
<testsuite skipped="0" hostname="Johnny-PC" name="generalUtilities.ConnectSQL" tests="1" failures="0" timestamp="20 Nov 2018 08:57:13 GMT" time="0.999" errors="0">
  <testcase name="ConnectSQL1" time="0.999" classname="generalUtilities.ConnectSQL"/>
</testsuite> <!-- generalUtilities.ConnectSQL -->
