<?xml version="1.0" encoding="UTF-8"?>
<!-- Generated by org.testng.reporters.JUnitReportReporter -->
<testsuite skipped="0" hostname="Johnny-PC" name="testSuites.TestSuites" tests="1" failures="0" timestamp="09 Oct 2018 07:44:41 GMT" time="111.860" errors="0">
  <testcase name="unitDataDrivenTest" time="111.860" classname="testSuites.TestSuites"/>
</testsuite> <!-- testSuites.TestSuites -->
