<?xml version="1.0" encoding="UTF-8"?>
<!-- Generated by org.testng.reporters.JUnitReportReporter -->
<testsuite skipped="0" hostname="Johnny-PC" name="pageObjects.Welcome" tests="1" failures="0" timestamp="05 Sep 2018 15:04:22 GMT" time="27.023" errors="0">
  <testcase name="launchApplication" time="27.023" classname="pageObjects.Welcome"/>
</testsuite> <!-- pageObjects.Welcome -->
