<?xml version="1.0" encoding="UTF-8"?>
<!-- Generated by org.testng.reporters.JUnitReportReporter -->
<testsuite skipped="0" hostname="Johnny-PC" name="testSuites.TestSuites" tests="1" failures="0" timestamp="03 Oct 2018 16:00:11 GMT" time="76.521" errors="0">
  <testcase name="runUserChoice" time="76.521" classname="testSuites.TestSuites"/>
</testsuite> <!-- testSuites.TestSuites -->
