<?xml version="1.0" encoding="UTF-8"?>
<!-- Generated by org.testng.reporters.JUnitReportReporter -->
<testsuite skipped="0" hostname="Johnny-PC" name="testSuites.UnitSuites" tests="1" failures="0" timestamp="09 Oct 2018 08:24:51 GMT" time="56.591" errors="0">
  <testcase name="unitPnr" time="56.591" classname="testSuites.UnitSuites"/>
</testsuite> <!-- testSuites.UnitSuites -->
