<?xml version="1.0" encoding="UTF-8"?>
<!-- Generated by org.testng.reporters.JUnitReportReporter -->
<testsuite skipped="0" hostname="Johnny-PC" name="testSuites.TestSuites" tests="1" failures="0" timestamp="02 Oct 2018 03:19:58 GMT" time="27.671" errors="0">
  <testcase name="runUserChoice" time="27.671" classname="testSuites.TestSuites"/>
</testsuite> <!-- testSuites.TestSuites -->
